\BOOKMARK [1][-]{section.1}{\376\377\000I\000n\000t\000r\000o\000d\000u\000\347\000\343\000o}{}% 1
\BOOKMARK [2][-]{subsection.1.1}{\376\377\000C\000o\000n\000s\000i\000d\000e\000r\000a\000\347\000\365\000e\000s\000\040\000i\000n\000i\000c\000i\000a\000i\000s}{section.1}% 2
\BOOKMARK [2][-]{subsection.1.2}{\376\377\000F\000e\000r\000r\000a\000m\000e\000n\000t\000a\000s\000\040\000u\000t\000i\000l\000i\000z\000a\000d\000a\000s}{section.1}% 3
\BOOKMARK [1][-]{section.2}{\376\377\000C\000l\000i\000q\000u\000e}{}% 4
\BOOKMARK [2][-]{subsection.2.1}{\376\377\000E\000x\000e\000m\000p\000l\000o\000s\000\040\000d\000e\000\040\000i\000n\000s\000t\000\342\000n\000c\000i\000a\000\040\000d\000o\000\040\000p\000r\000o\000b\000l\000e\000m\000a}{section.2}% 5
\BOOKMARK [3][-]{subsubsection.2.1.1}{\376\377\000I\000n\000s\000t\000\342\000n\000c\000i\000a\000\040\0001}{subsection.2.1}% 6
\BOOKMARK [3][-]{subsubsection.2.1.2}{\376\377\000I\000n\000s\000t\000\342\000n\000c\000i\000a\000\040\0002}{subsection.2.1}% 7
\BOOKMARK [3][-]{subsubsection.2.1.3}{\376\377\000I\000n\000s\000t\000\342\000n\000c\000i\000a\000\040\0003}{subsection.2.1}% 8
\BOOKMARK [1][-]{section.3}{\376\377\000C\000o\000n\000j\000u\000n\000t\000o\000\040\000I\000n\000d\000e\000p\000e\000n\000d\000e\000n\000t\000e}{}% 9
\BOOKMARK [2][-]{subsection.3.1}{\376\377\000L\000\363\000g\000i\000c\000a\000\040\000d\000a\000\040\000f\000u\000n\000\347\000\343\000o}{section.3}% 10
\BOOKMARK [2][-]{subsection.3.2}{\376\377\000F\000u\000n\000\347\000\343\000o\000\040\000g\000e\000r\000a\000C\000o\000m\000p\000l\000e\000m\000e\000n\000t\000o}{section.3}% 11
\BOOKMARK [2][-]{subsection.3.3}{\376\377\000E\000x\000e\000m\000p\000l\000o\000s\000\040\000d\000e\000\040\000i\000n\000s\000t\000\342\000n\000c\000i\000a\000\040\000d\000o\000\040\000p\000r\000o\000b\000l\000e\000m\000a}{section.3}% 12
\BOOKMARK [3][-]{subsubsection.3.3.1}{\376\377\000I\000n\000s\000t\000\342\000n\000c\000i\000a\000\040\0001}{subsection.3.3}% 13
\BOOKMARK [3][-]{subsubsection.3.3.2}{\376\377\000I\000n\000s\000t\000\342\000n\000c\000i\000a\000\040\0002}{subsection.3.3}% 14
\BOOKMARK [3][-]{subsubsection.3.3.3}{\376\377\000I\000n\000s\000t\000\342\000n\000c\000i\000a\000\040\0003}{subsection.3.3}% 15
\BOOKMARK [1][-]{section.4}{\376\377\000S\000a\000t\000i\000s\000f\000a\000b\000i\000l\000i\000d\000a\000d\000e}{}% 16
\BOOKMARK [2][-]{subsection.4.1}{\376\377\000V\000e\000r\000i\000f\000i\000c\000a\000r\000\040\000s\000o\000l\000u\000\347\000\343\000o\000\040\000f\000i\000n\000a\000l}{section.4}% 17
\BOOKMARK [2][-]{subsection.4.2}{\376\377\000G\000e\000r\000a\000r\000\040\000c\000a\000n\000d\000i\000d\000a\000t\000o\000s}{section.4}% 18
\BOOKMARK [2][-]{subsection.4.3}{\376\377\000E\000x\000e\000m\000p\000l\000o\000s\000\040\000d\000e\000\040\000i\000n\000s\000t\000\342\000n\000c\000i\000a}{section.4}% 19
\BOOKMARK [3][-]{subsubsection.4.3.1}{\376\377\000I\000n\000s\000t\000\342\000n\000c\000i\000a\000\040\0001}{subsection.4.3}% 20
\BOOKMARK [3][-]{subsubsection.4.3.2}{\376\377\000I\000n\000s\000t\000\342\000n\000c\000i\000a\000\040\0002}{subsection.4.3}% 21
\BOOKMARK [3][-]{subsubsection.4.3.3}{\376\377\000I\000n\000s\000t\000\342\000n\000c\000i\000a\000\040\0003}{subsection.4.3}% 22
\BOOKMARK [3][-]{subsubsection.4.3.4}{\376\377\000I\000n\000s\000t\000\342\000n\000c\000i\000a\000\040\0004}{subsection.4.3}% 23
\BOOKMARK [3][-]{subsubsection.4.3.5}{\376\377\000I\000n\000s\000t\000\342\000n\000c\000i\000a\000\040\0005}{subsection.4.3}% 24
\BOOKMARK [3][-]{subsubsection.4.3.6}{\376\377\000I\000n\000s\000t\000\342\000n\000c\000i\000a\000\040\0006}{subsection.4.3}% 25
\BOOKMARK [3][-]{subsubsection.4.3.7}{\376\377\000I\000n\000s\000t\000\342\000n\000c\000i\000a\000\040\0007}{subsection.4.3}% 26
\BOOKMARK [3][-]{subsubsection.4.3.8}{\376\377\000I\000n\000s\000t\000\342\000n\000c\000i\000a\000\040\0008}{subsection.4.3}% 27
\BOOKMARK [3][-]{subsubsection.4.3.9}{\376\377\000I\000n\000s\000t\000\342\000n\000c\000i\000a\000\040\0009}{subsection.4.3}% 28
\BOOKMARK [3][-]{subsubsection.4.3.10}{\376\377\000I\000n\000s\000t\000\342\000n\000c\000i\000a\000\040\0001\0000}{subsection.4.3}% 29
\BOOKMARK [3][-]{subsubsection.4.3.11}{\376\377\000I\000n\000s\000t\000\342\000n\000c\000i\000a\000\040\0001\0001}{subsection.4.3}% 30
\BOOKMARK [3][-]{subsubsection.4.3.12}{\376\377\000I\000n\000s\000t\000\342\000n\000c\000i\000a\000\040\0001\0002}{subsection.4.3}% 31
\BOOKMARK [3][-]{subsubsection.4.3.13}{\376\377\000I\000n\000s\000t\000\342\000n\000c\000i\000a\000\040\0001\0003}{subsection.4.3}% 32
\BOOKMARK [3][-]{subsubsection.4.3.14}{\376\377\000I\000n\000s\000t\000\342\000n\000c\000i\000a\000\040\0001\0004}{subsection.4.3}% 33
\BOOKMARK [3][-]{subsubsection.4.3.15}{\376\377\000I\000n\000s\000t\000\342\000n\000c\000i\000a\000\040\0001\0005}{subsection.4.3}% 34
\BOOKMARK [1][-]{section.5}{\376\377\000C\000o\000n\000s\000i\000d\000e\000r\000a\000\347\000\365\000e\000s\000\040\000F\000i\000n\000a\000i\000s}{}% 35
